\BOOKMARK [1][-]{section.1}{\376\377\000I\000n\000t\000r\000o\000d\000u\000c\000c\000i\000\363\000n}{}% 1
\BOOKMARK [1][-]{section.2}{\376\377\000M\000a\000r\000c\000o\000\040\000T\000e\000\363\000r\000i\000c\000o}{}% 2
\BOOKMARK [2][-]{subsection.2.1}{\376\377\000A\000n\000t\000e\000c\000e\000d\000e\000n\000t\000e\000s\000\040\000H\000i\000s\000t\000\363\000r\000i\000c\000o\000s}{section.2}% 3
\BOOKMARK [2][-]{subsection.2.2}{\376\377\000D\000i\000v\000i\000d\000e\000\040\000a\000n\000d\000\040\000C\000o\000n\000q\000u\000e\000r}{section.2}% 4
\BOOKMARK [2][-]{subsection.2.3}{\376\377\000A\000l\000g\000o\000r\000i\000t\000m\000o}{section.2}% 5
\BOOKMARK [2][-]{subsection.2.4}{\376\377\000C\000o\000m\000p\000l\000e\000j\000i\000d\000a\000d\000\040\000y\000\040\000p\000i\000v\000o\000t\000e}{section.2}% 6
\BOOKMARK [2][-]{subsection.2.5}{\376\377\000A\000l\000g\000o\000r\000i\000t\000m\000o\000s\000\040\000d\000e\000\040\000o\000r\000d\000e\000n\000a\000m\000i\000e\000n\000t\000o\000\040\000i\000n\000-\000p\000l\000a\000c\000e}{section.2}% 7
\BOOKMARK [1][-]{section.3}{\376\377\000M\000e\000t\000o\000d\000o\000l\000o\000g\000\355\000a}{}% 8
\BOOKMARK [2][-]{subsection.3.1}{\376\377\000I\000m\000p\000l\000e\000m\000e\000n\000t\000a\000c\000i\000o\000n\000e\000s}{section.3}% 9
\BOOKMARK [3][-]{subsubsection.3.1.1}{\376\377\000Q\000u\000i\000c\000k\000s\000o\000r\000t}{subsection.3.1}% 10
\BOOKMARK [3][-]{subsubsection.3.1.2}{\376\377\000Q\000u\000i\000c\000k\000s\000o\000r\000t\000\040\000O\000p\000t\000i\000m\000i\000z\000a\000d\000o}{subsection.3.1}% 11
\BOOKMARK [3][-]{subsubsection.3.1.3}{\376\377\000B\000u\000b\000b\000l\000e\000s\000o\000r\000t}{subsection.3.1}% 12
\BOOKMARK [3][-]{subsubsection.3.1.4}{\376\377\000I\000n\000s\000e\000r\000t\000i\000o\000n\000s\000o\000r\000t}{subsection.3.1}% 13
\BOOKMARK [3][-]{subsubsection.3.1.5}{\376\377\000S\000e\000l\000e\000c\000t\000i\000o\000n\000s\000o\000r\000t}{subsection.3.1}% 14
\BOOKMARK [3][-]{subsubsection.3.1.6}{\376\377\000G\000e\000n\000e\000r\000a\000d\000o\000r\000\040\000d\000e\000\040\000a\000r\000r\000e\000g\000l\000o\000s}{subsection.3.1}% 15
\BOOKMARK [2][-]{subsection.3.2}{\376\377\000E\000x\000p\000e\000r\000i\000m\000e\000n\000t\000o\000s}{section.3}% 16
\BOOKMARK [3][-]{subsubsection.3.2.1}{\376\377\000Q\000u\000i\000c\000k\000s\000o\000r\000t\000\040\000v\000s\000\040\000Q\000u\000i\000c\000k\000s\000o\000r\000t\000\040\000o\000p\000t\000i\000m\000i\000z\000a\000d\000o}{subsection.3.2}% 17
\BOOKMARK [3][-]{subsubsection.3.2.2}{\376\377\000Q\000u\000i\000c\000k\000s\000o\000r\000t\000\040\000o\000p\000t\000i\000m\000i\000z\000a\000d\000o\000\040\000v\000s\000\040\000d\000e\000m\000\341\000s\000\040\000a\000l\000g\000o\000r\000i\000t\000m\000o\000s}{subsection.3.2}% 18
\BOOKMARK [1][-]{section.4}{\376\377\000R\000e\000s\000u\000l\000t\000a\000d\000o\000s}{}% 19
\BOOKMARK [2][-]{subsubsection.4.0.1}{\376\377\000Q\000u\000i\000c\000k\000s\000o\000r\000t\000\040\000v\000s\000\040\000Q\000u\000i\000c\000k\000s\000o\000r\000t\000\040\000o\000p\000t\000i\000m\000i\000z\000a\000d\000o}{section.4}% 20
\BOOKMARK [3][-]{subsubsection.4.0.2}{\376\377\000Q\000u\000i\000c\000k\000s\000o\000r\000t\000\040\000o\000p\000t\000i\000m\000i\000z\000a\000d\000o\000\040\000v\000s\000\040\000d\000e\000m\000\341\000s\000\040\000a\000l\000g\000o\000r\000i\000t\000m\000o\000s}{subsubsection.4.0.1}% 21
\BOOKMARK [1][-]{section.5}{\376\377\000C\000o\000n\000c\000l\000u\000s\000i\000o\000n\000e\000s}{}% 22
\BOOKMARK [1][-]{section*.1}{\376\377\000R\000e\000f\000e\000r\000e\000n\000c\000e\000s}{}% 23
\BOOKMARK [1][-]{section.6}{\376\377\000A\000p\000\351\000n\000d\000i\000c\000e}{}% 24
\BOOKMARK [2][-]{subsection.6.1}{\376\377\000I\000m\000p\000l\000e\000m\000e\000n\000t\000a\000c\000i\000o\000n\000e\000s\000\040\000C\000\043}{section.6}% 25
\BOOKMARK [2][-]{subsection.6.2}{\376\377\000G\000r\000\341\000f\000i\000c\000o\000s}{section.6}% 26
